<?xml version="1.0" encoding="UTF-8"?>
<robot generator="Robot 4.1.3 (Python 3.8.10 on linux)" generated="20220202 04:25:01.762" rpa="false" schemaversion="2">
<suite id="s1" name="Processtest" source="/root/processtest.robot">
<test id="s1-t1" name="Test1">
<kw name="Run Process" library="Process">
<arg>python3</arg>
<arg>-c</arg>
<arg>print('Hello, world!')</arg>
<doc>Runs a process and waits for it to complete.</doc>
<msg timestamp="20220202 04:25:01.786" level="INFO">Starting process:
python3 -c "print('Hello, world!')"</msg>
<msg timestamp="20220202 04:25:01.790" level="INFO">Waiting for process to complete.</msg>
<msg timestamp="20220202 04:25:01.809" level="INFO">Process completed.</msg>
<status status="PASS" starttime="20220202 04:25:01.786" endtime="20220202 04:25:01.809"/>
</kw>
<status status="PASS" starttime="20220202 04:25:01.785" endtime="20220202 04:25:01.809"/>
</test>
<test id="s1-t2" name="Test2">
<kw name="Run Process" library="Process">
<var>${result}</var>
<arg>ansible</arg>
<arg>--version</arg>
<doc>Runs a process and waits for it to complete.</doc>
<msg timestamp="20220202 04:25:01.811" level="INFO">Starting process:
ansible --version</msg>
<msg timestamp="20220202 04:25:01.815" level="INFO">Waiting for process to complete.</msg>
<msg timestamp="20220202 04:25:02.103" level="INFO">Process completed.</msg>
<msg timestamp="20220202 04:25:02.104" level="INFO">${result} = &lt;result object with rc 0&gt;</msg>
<status status="PASS" starttime="20220202 04:25:01.811" endtime="20220202 04:25:02.104"/>
</kw>
<kw name="Should Be Equal" library="BuiltIn">
<arg>${result.rc}</arg>
<arg>${0}</arg>
<doc>Fails if the given objects are unequal.</doc>
<status status="PASS" starttime="20220202 04:25:02.104" endtime="20220202 04:25:02.106"/>
</kw>
<kw name="Log" library="BuiltIn">
<arg>stdout: ${result.stdout}</arg>
<doc>Logs the given message with the given level.</doc>
<msg timestamp="20220202 04:25:02.107" level="INFO">stdout: ansible 2.9.27
  config file = /root/ansible.cfg
  configured module search path = ['/root/.ansible/plugins/modules', '/usr/share/ansible/plugins/modules']
  ansible python module location = /usr/local/lib/python3.8/dist-packages/ansible
  executable location = /usr/local/bin/ansible
  python version = 3.8.10 (default, Nov 26 2021, 20:14:08) [GCC 9.3.0]</msg>
<status status="PASS" starttime="20220202 04:25:02.106" endtime="20220202 04:25:02.107"/>
</kw>
<status status="PASS" starttime="20220202 04:25:01.810" endtime="20220202 04:25:02.107"/>
</test>
<test id="s1-t3" name="Test3">
<kw name="Run Process" library="Process">
<var>${result}</var>
<arg>ansible-playbook</arg>
<arg>getarp.yml</arg>
<doc>Runs a process and waits for it to complete.</doc>
<msg timestamp="20220202 04:25:02.108" level="INFO">Starting process:
ansible-playbook getarp.yml</msg>
<msg timestamp="20220202 04:25:02.111" level="INFO">Waiting for process to complete.</msg>
<msg timestamp="20220202 04:25:04.017" level="INFO">Process completed.</msg>
<msg timestamp="20220202 04:25:04.017" level="INFO">${result} = &lt;result object with rc 0&gt;</msg>
<status status="PASS" starttime="20220202 04:25:02.108" endtime="20220202 04:25:04.017"/>
</kw>
<kw name="Should Be Equal" library="BuiltIn">
<arg>${result.rc}</arg>
<arg>${0}</arg>
<doc>Fails if the given objects are unequal.</doc>
<status status="PASS" starttime="20220202 04:25:04.018" endtime="20220202 04:25:04.020"/>
</kw>
<kw name="Log" library="BuiltIn">
<arg>stdout: ${result.stdout}</arg>
<doc>Logs the given message with the given level.</doc>
<msg timestamp="20220202 04:25:04.021" level="INFO">stdout: 
PLAY [Get ARP information] *****************************************************

TASK [show arp] ****************************************************************
changed: [R2]
changed: [R1]

TASK [debug] *******************************************************************
ok: [R1] =&gt; {
    "print_output.stdout_lines": [
        "",
        "Protocol  Address          Age (min)  Hardware Addr   Type   Interface",
        "Internet  192.168.122.10          -   c201.6971.0000  ARPA   FastEthernet0/0",
        "Internet  192.168.122.233         0   466b.6733.556d  ARPA   FastEthernet0/0"
    ]
}
ok: [R2] =&gt; {
    "print_output.stdout_lines": [
        "",
        "Protocol  Address          Age (min)  Hardware Addr   Type   Interface",
        "Internet  192.168.122.11          -   c202.6981.0000  ARPA   FastEthernet0/0",
        "Internet  192.168.122.233         0   466b.6733.556d  ARPA   FastEthernet0/0"
    ]
}

PLAY RECAP *********************************************************************
R1                         : ok=2    changed=1    unreachable=0    failed=0    skipped=0    rescued=0    ignored=0   
R2                         : ok=2    changed=1    unreachable=0    failed=0    skipped=0    rescued=0    ignored=0   
</msg>
<status status="PASS" starttime="20220202 04:25:04.020" endtime="20220202 04:25:04.021"/>
</kw>
<status status="PASS" starttime="20220202 04:25:02.107" endtime="20220202 04:25:04.021"/>
</test>
<test id="s1-t4" name="Test4">
<kw name="Run Process" library="Process">
<var>${result}</var>
<arg>python3</arg>
<arg>git_push.py</arg>
<doc>Runs a process and waits for it to complete.</doc>
<msg timestamp="20220202 04:25:04.023" level="INFO">Starting process:
python3 git_push.py</msg>
<msg timestamp="20220202 04:25:04.026" level="INFO">Waiting for process to complete.</msg>
<msg timestamp="20220202 04:25:06.479" level="INFO">Process completed.</msg>
<msg timestamp="20220202 04:25:06.480" level="INFO">${result} = &lt;result object with rc 0&gt;</msg>
<status status="PASS" starttime="20220202 04:25:04.022" endtime="20220202 04:25:06.480"/>
</kw>
<kw name="Should Be Equal" library="BuiltIn">
<arg>${result.rc}</arg>
<arg>${0}</arg>
<doc>Fails if the given objects are unequal.</doc>
<status status="PASS" starttime="20220202 04:25:06.480" endtime="20220202 04:25:06.482"/>
</kw>
<kw name="Log" library="BuiltIn">
<arg>stdout: ${result.stdout}</arg>
<doc>Logs the given message with the given level.</doc>
<msg timestamp="20220202 04:25:06.482" level="INFO">stdout: output: Filesystem      Size  Used Avail Use% Mounted on
overlay         291G   37G  255G  13% /
tmpfs            64M     0   64M   0% /dev
tmpfs           3.9G     0  3.9G   0% /sys/fs/cgroup
/dev/root       291G   37G  255G  13% /etc
shm              64M     0   64M   0% /dev/shm

error:
output: total 480
-rw-r--r-- 1 root root     99 Feb  1 08:41 ansible.cfg
-rw-r--r-- 1 root root    194 Feb  1 08:42 getarp.yml
-rw-r--r-- 1 root root    491 Feb  1 09:44 git_push.py
-rw-r--r-- 1 root root    116 Feb  1 08:56 helloworld.robot
-rw-r--r-- 1 root root 229544 Feb  1 09:54 log.html
-rw-r--r-- 1 root root    155 Feb  1 08:53 myhosts
-rw-r--r-- 1 root root      0 Feb  2 04:25 output.xml
-rw-r--r-- 1 root root    623 Feb  1 09:52 processtest.robot
-rw-r--r-- 1 root root 232167 Feb  1 09:54 report.html

error:
output: 
error:
output: [main c734b4d] updated reports
 4 files changed, 30 insertions(+), 9 deletions(-)

error:
output: 
error:</msg>
<status status="PASS" starttime="20220202 04:25:06.482" endtime="20220202 04:25:06.482"/>
</kw>
<status status="PASS" starttime="20220202 04:25:04.022" endtime="20220202 04:25:06.483"/>
</test>
<status status="PASS" starttime="20220202 04:25:01.763" endtime="20220202 04:25:06.483"/>
</suite>
<statistics>
<total>
<stat pass="4" fail="0" skip="0">All Tests</stat>
</total>
<tag>
</tag>
<suite>
<stat pass="4" fail="0" skip="0" id="s1" name="Processtest">Processtest</stat>
</suite>
</statistics>
<errors>
</errors>
</robot>
