<?xml version="1.0" encoding="UTF-8"?>
<robot generator="Robot 4.1.3 (Python 3.8.10 on linux)" generated="20220201 09:06:30.047" rpa="false" schemaversion="2">
<suite id="s1" name="Helloworld" source="/root/helloworld.robot">
<test id="s1-t1" name="TC-001: Printing Hello World">
<kw name="PrintHello">
<kw name="Log" library="BuiltIn">
<arg>"Hello World"</arg>
<doc>Logs the given message with the given level.</doc>
<msg timestamp="20220201 09:06:30.066" level="INFO">"Hello World"</msg>
<status status="PASS" starttime="20220201 09:06:30.066" endtime="20220201 09:06:30.066"/>
</kw>
<status status="PASS" starttime="20220201 09:06:30.065" endtime="20220201 09:06:30.066"/>
</kw>
<status status="PASS" starttime="20220201 09:06:30.065" endtime="20220201 09:06:30.067"/>
</test>
<status status="PASS" starttime="20220201 09:06:30.047" endtime="20220201 09:06:30.067"/>
</suite>
<statistics>
<total>
<stat pass="1" fail="0" skip="0">All Tests</stat>
</total>
<tag>
</tag>
<suite>
<stat pass="1" fail="0" skip="0" id="s1" name="Helloworld">Helloworld</stat>
</suite>
</statistics>
<errors>
</errors>
</robot>
